<?xml version="1.0" encoding="UTF-8"?>
<testsuite xmlns:xsi="http://www.w3.org/2001/XMLSchema-instance" xsi:noNamespaceSchemaLocation="https://maven.apache.org/surefire/maven-surefire-plugin/xsd/surefire-test-report-3.0.xsd" version="3.0" name="Controller.ParcelasControllerTest" time="0.056" tests="4" errors="0" skipped="0" failures="0">
  <properties>
[...]
</properties>
  <testcase name="testSalvarParcela" classname="Controller.ParcelasControllerTest" time="0.04"/>
  <testcase name="testBuscarParcelasPorClienteId" classname="Controller.ParcelasControllerTest" time="0.003"/>
  <testcase name="testDeletarParcela" classname="Controller.ParcelasControllerTest" time="0.003"/>
  <testcase name="testBuscarParcelaPorId" classname="Controller.ParcelasControllerTest" time="0.003"/>
</testsuite>